mode: atomic
github.com/phogolabs/oak/schema/generator.go:32.76,36.22 3 6
github.com/phogolabs/oak/schema/generator.go:40.2,42.31 2 3
github.com/phogolabs/oak/schema/generator.go:46.2,46.41 1 3
github.com/phogolabs/oak/schema/generator.go:50.2,50.20 1 2
github.com/phogolabs/oak/schema/generator.go:36.22,38.3 1 3
github.com/phogolabs/oak/schema/generator.go:42.31,44.3 1 3
github.com/phogolabs/oak/schema/generator.go:46.41,48.3 1 1
github.com/phogolabs/oak/schema/generator.go:53.52,57.38 3 6
github.com/phogolabs/oak/schema/generator.go:64.2,64.15 1 6
github.com/phogolabs/oak/schema/generator.go:57.38,58.89 1 5
github.com/phogolabs/oak/schema/generator.go:62.3,62.33 1 3
github.com/phogolabs/oak/schema/generator.go:58.89,59.12 1 2
github.com/phogolabs/oak/schema/generator.go:67.70,68.25 1 3
github.com/phogolabs/oak/schema/generator.go:74.2,76.22 3 3
github.com/phogolabs/oak/schema/generator.go:68.25,72.3 3 1
github.com/phogolabs/oak/schema/generator.go:79.64,84.25 4 3
github.com/phogolabs/oak/schema/generator.go:90.2,93.37 3 3
github.com/phogolabs/oak/schema/generator.go:84.25,88.3 3 1
github.com/phogolabs/oak/schema/generator.go:93.37,98.26 4 6
github.com/phogolabs/oak/schema/generator.go:106.3,114.24 7 6
github.com/phogolabs/oak/schema/generator.go:98.26,99.17 1 2
github.com/phogolabs/oak/schema/generator.go:102.4,103.24 2 2
github.com/phogolabs/oak/schema/generator.go:99.17,101.5 1 1
github.com/phogolabs/oak/schema/generator.go:114.24,116.4 1 3
github.com/phogolabs/oak/schema/generator.go:120.39,123.36 2 6
github.com/phogolabs/oak/schema/generator.go:127.2,127.15 1 6
github.com/phogolabs/oak/schema/generator.go:123.36,125.3 1 1
github.com/phogolabs/oak/schema/generator.go:130.52,134.2 3 3
github.com/phogolabs/oak/schema/generator.go:136.54,138.2 1 6
github.com/phogolabs/oak/schema/generator.go:140.53,144.30 3 6
github.com/phogolabs/oak/schema/generator.go:148.2,153.29 4 6
github.com/phogolabs/oak/schema/generator.go:157.2,157.47 1 6
github.com/phogolabs/oak/schema/generator.go:161.2,165.22 5 6
github.com/phogolabs/oak/schema/generator.go:144.30,146.3 1 3
github.com/phogolabs/oak/schema/generator.go:153.29,155.3 1 3
github.com/phogolabs/oak/schema/generator.go:157.47,159.3 1 6
github.com/phogolabs/oak/schema/generator.go:168.56,170.16 2 3
github.com/phogolabs/oak/schema/generator.go:174.2,175.16 2 2
github.com/phogolabs/oak/schema/generator.go:179.2,182.12 3 2
github.com/phogolabs/oak/schema/generator.go:170.16,172.3 1 1
github.com/phogolabs/oak/schema/generator.go:175.16,177.3 1 0
github.com/phogolabs/oak/schema/model.go:159.37,162.25 2 6
github.com/phogolabs/oak/schema/model.go:170.2,170.20 1 6
github.com/phogolabs/oak/schema/model.go:174.2,174.18 1 6
github.com/phogolabs/oak/schema/model.go:180.2,180.30 1 6
github.com/phogolabs/oak/schema/model.go:162.25,164.3 1 4
github.com/phogolabs/oak/schema/model.go:164.8,164.53 1 2
github.com/phogolabs/oak/schema/model.go:164.53,166.3 1 1
github.com/phogolabs/oak/schema/model.go:166.8,166.52 1 1
github.com/phogolabs/oak/schema/model.go:166.52,168.3 1 1
github.com/phogolabs/oak/schema/model.go:170.20,172.3 1 5
github.com/phogolabs/oak/schema/model.go:174.18,176.3 1 4
github.com/phogolabs/oak/schema/model.go:176.8,178.3 1 2
github.com/phogolabs/oak/schema/model.go:192.44,193.14 1 183
github.com/phogolabs/oak/schema/model.go:196.2,196.15 1 95
github.com/phogolabs/oak/schema/model.go:193.14,195.3 1 88
github.com/phogolabs/oak/schema/model.go:218.42,220.2 1 25
github.com/phogolabs/oak/schema/model.go:223.36,225.23 2 22
github.com/phogolabs/oak/schema/model.go:229.2,229.69 1 22
github.com/phogolabs/oak/schema/model.go:225.23,227.3 1 3
github.com/phogolabs/oak/schema/model.go:236.39,239.22 2 7
github.com/phogolabs/oak/schema/model.go:243.2,243.53 1 7
github.com/phogolabs/oak/schema/model.go:239.22,241.3 1 20
github.com/phogolabs/oak/schema/provider.go:27.70,37.16 8 3
github.com/phogolabs/oak/schema/provider.go:41.2,41.15 1 2
github.com/phogolabs/oak/schema/provider.go:47.2,47.18 1 2
github.com/phogolabs/oak/schema/provider.go:57.2,57.20 1 2
github.com/phogolabs/oak/schema/provider.go:37.16,39.3 1 1
github.com/phogolabs/oak/schema/provider.go:41.15,42.40 1 2
github.com/phogolabs/oak/schema/provider.go:42.40,44.4 1 2
github.com/phogolabs/oak/schema/provider.go:47.18,50.43 2 4
github.com/phogolabs/oak/schema/provider.go:54.3,54.33 1 4
github.com/phogolabs/oak/schema/provider.go:50.43,52.4 1 0
github.com/phogolabs/oak/schema/provider.go:61.86,74.29 11 4
github.com/phogolabs/oak/schema/provider.go:115.2,115.22 1 3
github.com/phogolabs/oak/schema/provider.go:119.2,125.23 2 2
github.com/phogolabs/oak/schema/provider.go:74.29,76.17 2 3
github.com/phogolabs/oak/schema/provider.go:80.3,85.17 3 2
github.com/phogolabs/oak/schema/provider.go:89.3,89.19 1 2
github.com/phogolabs/oak/schema/provider.go:112.3,112.33 1 2
github.com/phogolabs/oak/schema/provider.go:76.17,78.4 1 1
github.com/phogolabs/oak/schema/provider.go:85.17,87.4 1 0
github.com/phogolabs/oak/schema/provider.go:89.19,102.47 3 64
github.com/phogolabs/oak/schema/provider.go:106.4,109.49 4 64
github.com/phogolabs/oak/schema/provider.go:102.47,104.5 1 0
github.com/phogolabs/oak/schema/provider.go:115.22,117.3 1 1
github.com/phogolabs/oak/schema/provider.go:128.59,129.18 1 7
github.com/phogolabs/oak/schema/provider.go:132.2,132.15 1 7
github.com/phogolabs/oak/schema/provider.go:129.18,131.3 1 2
github.com/phogolabs/oak/schema/provider.go:135.71,138.14 2 64
github.com/phogolabs/oak/schema/provider.go:139.22,140.35 1 2
github.com/phogolabs/oak/schema/provider.go:141.10,142.31 1 62
github.com/phogolabs/oak/schema/provider.go:146.73,150.14 3 2
github.com/phogolabs/oak/schema/provider.go:151.16,152.32 1 0
github.com/phogolabs/oak/schema/provider.go:153.10,154.32 1 2
github.com/phogolabs/oak/schema/provider.go:165.66,169.16 3 3
github.com/phogolabs/oak/schema/provider.go:172.2,172.15 1 2
github.com/phogolabs/oak/schema/provider.go:178.2,178.18 1 2
github.com/phogolabs/oak/schema/provider.go:188.2,188.20 1 2
github.com/phogolabs/oak/schema/provider.go:169.16,171.3 1 1
github.com/phogolabs/oak/schema/provider.go:172.15,173.40 1 2
github.com/phogolabs/oak/schema/provider.go:173.40,175.4 1 2
github.com/phogolabs/oak/schema/provider.go:178.18,181.43 2 4
github.com/phogolabs/oak/schema/provider.go:185.3,185.33 1 4
github.com/phogolabs/oak/schema/provider.go:181.43,183.4 1 0
github.com/phogolabs/oak/schema/provider.go:192.82,195.29 2 4
github.com/phogolabs/oak/schema/provider.go:236.2,236.22 1 3
github.com/phogolabs/oak/schema/provider.go:240.2,246.23 2 2
github.com/phogolabs/oak/schema/provider.go:195.29,202.17 4 3
github.com/phogolabs/oak/schema/provider.go:206.3,206.19 1 2
github.com/phogolabs/oak/schema/provider.go:233.3,233.33 1 2
github.com/phogolabs/oak/schema/provider.go:202.17,204.4 1 1
github.com/phogolabs/oak/schema/provider.go:206.19,219.47 4 62
github.com/phogolabs/oak/schema/provider.go:223.4,223.23 1 62
github.com/phogolabs/oak/schema/provider.go:227.4,230.49 3 62
github.com/phogolabs/oak/schema/provider.go:219.47,221.5 1 0
github.com/phogolabs/oak/schema/provider.go:223.23,225.5 1 0
github.com/phogolabs/oak/schema/provider.go:236.22,238.3 1 1
github.com/phogolabs/oak/schema/provider.go:249.61,258.72 3 62
github.com/phogolabs/oak/schema/provider.go:270.2,280.19 2 62
github.com/phogolabs/oak/schema/provider.go:258.72,261.23 2 16
github.com/phogolabs/oak/schema/provider.go:262.10,263.37 1 0
github.com/phogolabs/oak/schema/provider.go:264.10,266.48 2 16
github.com/phogolabs/oak/schema/provider.go:290.65,296.18 2 3
github.com/phogolabs/oak/schema/provider.go:302.2,308.16 6 3
github.com/phogolabs/oak/schema/provider.go:311.2,311.15 1 2
github.com/phogolabs/oak/schema/provider.go:317.2,317.18 1 2
github.com/phogolabs/oak/schema/provider.go:327.2,327.20 1 2
github.com/phogolabs/oak/schema/provider.go:296.18,297.45 1 2
github.com/phogolabs/oak/schema/provider.go:297.45,299.4 1 0
github.com/phogolabs/oak/schema/provider.go:308.16,310.3 1 1
github.com/phogolabs/oak/schema/provider.go:311.15,312.40 1 2
github.com/phogolabs/oak/schema/provider.go:312.40,314.4 1 2
github.com/phogolabs/oak/schema/provider.go:317.18,320.43 2 4
github.com/phogolabs/oak/schema/provider.go:324.3,324.33 1 4
github.com/phogolabs/oak/schema/provider.go:320.43,322.4 1 0
github.com/phogolabs/oak/schema/provider.go:331.81,337.46 2 4
github.com/phogolabs/oak/schema/provider.go:341.2,341.18 1 3
github.com/phogolabs/oak/schema/provider.go:345.2,356.29 11 3
github.com/phogolabs/oak/schema/provider.go:398.2,398.22 1 3
github.com/phogolabs/oak/schema/provider.go:402.2,408.23 2 2
github.com/phogolabs/oak/schema/provider.go:337.46,339.3 1 1
github.com/phogolabs/oak/schema/provider.go:341.18,343.3 1 3
github.com/phogolabs/oak/schema/provider.go:356.29,362.17 3 2
github.com/phogolabs/oak/schema/provider.go:366.3,367.17 2 2
github.com/phogolabs/oak/schema/provider.go:371.3,371.19 1 2
github.com/phogolabs/oak/schema/provider.go:395.3,395.33 1 2
github.com/phogolabs/oak/schema/provider.go:362.17,364.4 1 0
github.com/phogolabs/oak/schema/provider.go:367.17,369.4 1 0
github.com/phogolabs/oak/schema/provider.go:371.19,385.47 3 55
github.com/phogolabs/oak/schema/provider.go:389.4,392.49 4 55
github.com/phogolabs/oak/schema/provider.go:385.47,387.5 1 0
github.com/phogolabs/oak/schema/provider.go:398.22,400.3 1 1
github.com/phogolabs/oak/schema/provider.go:411.52,415.42 3 6
github.com/phogolabs/oak/schema/provider.go:418.2,418.20 1 5
github.com/phogolabs/oak/schema/provider.go:415.42,417.3 1 1
github.com/phogolabs/oak/schema/provider.go:421.91,431.16 9 5
github.com/phogolabs/oak/schema/provider.go:435.2,437.18 2 4
github.com/phogolabs/oak/schema/provider.go:446.2,446.21 1 4
github.com/phogolabs/oak/schema/provider.go:431.16,433.3 1 1
github.com/phogolabs/oak/schema/provider.go:437.18,439.44 2 65
github.com/phogolabs/oak/schema/provider.go:443.3,443.36 1 65
github.com/phogolabs/oak/schema/provider.go:439.44,441.4 1 0
github.com/phogolabs/oak/schema/provider.go:449.35,451.2 1 2
github.com/phogolabs/oak/schema/provider.go:454.47,458.27 3 179
github.com/phogolabs/oak/schema/provider.go:478.2,478.14 1 167
github.com/phogolabs/oak/schema/provider.go:458.27,459.15 1 12
github.com/phogolabs/oak/schema/provider.go:460.18,461.33 1 4
github.com/phogolabs/oak/schema/provider.go:467.19,468.33 1 2
github.com/phogolabs/oak/schema/provider.go:469.20,470.33 1 2
github.com/phogolabs/oak/schema/provider.go:471.25,472.31 1 2
github.com/phogolabs/oak/schema/provider.go:473.17,474.33 1 2
github.com/phogolabs/oak/schema/provider.go:462.22,463.32 1 2
github.com/phogolabs/oak/schema/provider.go:464.12,465.33 1 2
github.com/phogolabs/oak/schema/provider.go:479.17,480.32 1 8
github.com/phogolabs/oak/schema/provider.go:486.19,487.31 1 2
github.com/phogolabs/oak/schema/provider.go:488.75,489.30 1 2
github.com/phogolabs/oak/schema/provider.go:490.29,491.31 1 8
github.com/phogolabs/oak/schema/provider.go:492.34,493.29 1 16
github.com/phogolabs/oak/schema/provider.go:494.33,495.31 1 8
github.com/phogolabs/oak/schema/provider.go:496.48,497.33 1 10
github.com/phogolabs/oak/schema/provider.go:498.14,499.33 1 4
github.com/phogolabs/oak/schema/provider.go:500.134,501.32 1 38
github.com/phogolabs/oak/schema/provider.go:502.14,503.30 1 6
github.com/phogolabs/oak/schema/provider.go:504.23,505.30 1 4
github.com/phogolabs/oak/schema/provider.go:506.15,507.35 1 4
github.com/phogolabs/oak/schema/provider.go:508.17,509.30 1 6
github.com/phogolabs/oak/schema/provider.go:510.155,511.30 1 33
github.com/phogolabs/oak/schema/provider.go:512.14,513.30 1 4
github.com/phogolabs/oak/schema/provider.go:514.10,515.32 1 14
github.com/phogolabs/oak/schema/provider.go:481.21,482.31 1 6
github.com/phogolabs/oak/schema/provider.go:483.11,484.31 1 2
github.com/phogolabs/oak/schema/executor.go:19.57,21.16 2 6
github.com/phogolabs/oak/schema/executor.go:25.2,28.16 3 5
github.com/phogolabs/oak/schema/executor.go:32.2,33.12 2 4
github.com/phogolabs/oak/schema/executor.go:21.16,23.3 1 1
github.com/phogolabs/oak/schema/executor.go:28.16,30.3 1 1
github.com/phogolabs/oak/schema/executor.go:37.55,39.16 2 9
github.com/phogolabs/oak/schema/executor.go:43.2,44.16 2 7
github.com/phogolabs/oak/schema/executor.go:48.2,49.16 2 6
github.com/phogolabs/oak/schema/executor.go:53.2,53.20 1 5
github.com/phogolabs/oak/schema/executor.go:57.2,58.16 2 4
github.com/phogolabs/oak/schema/executor.go:62.2,63.16 2 3
github.com/phogolabs/oak/schema/executor.go:67.2,67.15 1 3
github.com/phogolabs/oak/schema/executor.go:73.2,73.43 1 3
github.com/phogolabs/oak/schema/executor.go:77.2,77.22 1 3
github.com/phogolabs/oak/schema/executor.go:39.16,41.3 1 2
github.com/phogolabs/oak/schema/executor.go:44.16,46.3 1 1
github.com/phogolabs/oak/schema/executor.go:49.16,51.3 1 1
github.com/phogolabs/oak/schema/executor.go:53.20,55.3 1 1
github.com/phogolabs/oak/schema/executor.go:58.16,60.3 1 1
github.com/phogolabs/oak/schema/executor.go:63.16,65.3 1 0
github.com/phogolabs/oak/schema/executor.go:67.15,68.40 1 3
github.com/phogolabs/oak/schema/executor.go:68.40,70.4 1 3
github.com/phogolabs/oak/schema/executor.go:73.43,75.3 1 0
github.com/phogolabs/oak/schema/executor.go:80.58,81.27 1 15
github.com/phogolabs/oak/schema/executor.go:90.2,91.16 2 13
github.com/phogolabs/oak/schema/executor.go:95.2,95.20 1 12
github.com/phogolabs/oak/schema/executor.go:81.27,83.17 2 4
github.com/phogolabs/oak/schema/executor.go:87.3,87.23 1 2
github.com/phogolabs/oak/schema/executor.go:83.17,85.4 1 2
github.com/phogolabs/oak/schema/executor.go:91.16,93.3 1 1
github.com/phogolabs/oak/schema/executor.go:98.71,100.16 2 4
github.com/phogolabs/oak/schema/executor.go:104.2,104.23 1 4
github.com/phogolabs/oak/schema/executor.go:108.2,108.47 1 4
github.com/phogolabs/oak/schema/executor.go:112.2,112.45 1 3
github.com/phogolabs/oak/schema/executor.go:100.16,102.3 1 0
github.com/phogolabs/oak/schema/executor.go:104.23,106.3 1 1
github.com/phogolabs/oak/schema/executor.go:108.47,110.3 1 1
github.com/phogolabs/oak/schema/executor.go:115.65,116.22 1 12
github.com/phogolabs/oak/schema/executor.go:120.2,120.20 1 2
github.com/phogolabs/oak/schema/executor.go:116.22,118.3 1 10
